2025-09-05 22:30:34,096 - root - INFO - Optimizer initialized with 4 stocks
2025-09-05 22:30:53,686 - root - INFO - Optimizer initialized with 4 stocks
2025-09-05 22:31:27,784 - root - INFO - Optimizer initialized with 4 stocks
2025-09-05 22:31:53,183 - root - INFO - Optimizer initialized with 4 stocks
2025-09-05 22:34:25,196 - root - INFO - Optimizer initialized with 4 stocks
2025-09-05 22:34:25,298 - root - ERROR - Error fetching market data: download() got an unexpected keyword argument 'show_errors'
2025-09-05 22:34:47,119 - root - INFO - Optimizer initialized with 4 stocks
2025-09-05 22:35:55,962 - root - INFO - Optimizer initialized with 4 stocks
2025-09-05 22:36:49,698 - root - INFO - Optimizer initialized with 4 stocks
2025-09-05 22:37:25,643 - root - INFO - Optimizer initialized with 4 stocks
2025-09-05 22:39:33,751 - root - INFO - Optimizer initialized with 4 stocks
2025-09-05 22:42:24,887 - root - INFO - Optimizer initialized with 4 stocks
2025-09-05 22:53:39,901 - root - INFO - Optimizer initialized with 4 stocks
2025-09-05 22:55:14,470 - root - INFO - Optimizer initialized with 4 stocks
2025-09-05 23:00:41,729 - root - INFO - Optimizer initialized with 4 stocks
2025-09-05 23:05:20,149 - root - INFO - Optimizer initialized with 4 stocks
2025-09-05 23:18:38,468 - root - INFO - Optimizer initialized with 4 stocks
2025-09-05 23:18:38,983 - root - ERROR - Error in optimization process: The truth value of an array with more than one element is ambiguous. Use a.any() or a.all()
2025-09-05 23:19:16,039 - root - INFO - Optimizer initialized with 4 stocks
2025-09-05 23:19:35,704 - root - INFO - Optimizer initialized with 4 stocks
2025-09-05 23:20:32,600 - root - INFO - Optimizer initialized with 4 stocks
2025-09-05 23:21:13,060 - root - INFO - Optimizer initialized with 4 stocks
2025-09-05 23:21:34,392 - root - INFO - Optimizer initialized with 4 stocks
2025-09-05 23:23:53,690 - root - INFO - Optimizer initialized with 4 stocks
2025-09-05 23:24:24,290 - root - INFO - Optimizer initialized with 4 stocks
2025-09-05 23:24:57,507 - root - INFO - Optimizer initialized with 4 stocks
2025-09-05 23:26:06,226 - root - INFO - Optimizer initialized with 4 stocks
2025-09-05 23:32:36,766 - root - INFO - Optimizer initialized with 4 stocks
2025-09-05 23:34:35,084 - root - INFO - Optimizer initialized with 4 stocks
2025-09-05 23:35:53,972 - root - INFO - Optimizer initialized with 4 stocks
2025-09-05 23:36:33,451 - root - INFO - Optimizer initialized with 4 stocks
2025-09-05 23:36:48,435 - root - INFO - Optimizer initialized with 4 stocks
2025-09-05 23:41:34,196 - root - INFO - Optimizer initialized with 4 stocks
2025-09-05 23:42:52,316 - root - INFO - Optimizer initialized with 4 stocks
2025-09-05 23:44:41,373 - root - INFO - Optimizer initialized with 4 stocks
2025-09-05 23:45:36,272 - root - INFO - Optimizer initialized with 4 stocks
2025-09-05 23:46:00,535 - root - INFO - Optimizer initialized with 4 stocks
2025-09-05 23:46:24,998 - root - INFO - Optimizer initialized with 4 stocks
2025-09-08 20:09:19,805 - root - INFO - Optimizer initialized with 4 stocks
2025-09-08 20:09:20,079 - yfinance - INFO - Failed to create TzCache, reason: Error creating TzCache folder: '/root/.cache/py-yfinance' reason: [Errno 17] File exists: '/root/.cache/py-yfinance'. TzCache will not be used. Tip: You can direct cache to use a different location with 'set_tz_cache_location(mylocation)'
2025-09-09 16:55:18,371 - root - INFO - Optimizer initialized with 4 stocks
2025-09-09 17:34:03,546 - root - INFO - Optimizer initialized with 3 stocks
2025-09-09 17:35:00,436 - root - INFO - Optimizer initialized with 3 stocks
2025-09-09 17:35:00,604 - root - INFO - Target return updated: 20.0%
2025-09-09 17:35:39,882 - root - INFO - Optimizer initialized with 4 stocks
2025-09-09 17:35:40,045 - root - INFO - Target return updated: 25.0%
2025-09-09 17:36:12,214 - root - INFO - Target return updated: 25.0%
2025-09-09 17:36:44,252 - root - INFO - Target return updated: 25.0%
2025-09-09 17:38:14,194 - root - INFO - Optimizer initialized with 4 stocks
2025-09-09 17:38:17,025 - root - INFO - Optimizer initialized with 4 stocks
2025-09-09 17:38:17,282 - root - INFO - Target return updated: 25.0%
2025-09-09 17:38:49,960 - root - INFO - Stock list updated: ['MSFT', 'AMZN', 'AAPL']
2025-09-09 17:38:49,960 - root - INFO - Target return updated: 25.0%
2025-09-09 17:39:21,862 - root - INFO - Target return updated: 25.0%
2025-09-09 17:44:00,602 - root - INFO - Processed sale: AAPL sold for $273.00, gain/loss: $273.00 (0.0%)
2025-09-09 17:44:00,602 - root - INFO - Optimizer initialized with 3 stocks
2025-09-09 17:44:00,765 - root - INFO - Processed sale: AAPL sold for $273.00, gain/loss: $273.00 (0.0%)
2025-09-09 17:44:00,765 - root - INFO - Sale processed: AAPL - Gain/Loss: $+273.00
2025-09-09 17:44:00,765 - root - INFO - Target return updated: 25.0%
2025-09-09 17:46:10,838 - root - INFO - Processed sale: AAPL sold for $273.00, gain/loss: $273.00 (0.0%)
2025-09-09 17:46:10,838 - root - INFO - Optimizer initialized with 3 stocks
2025-09-09 17:46:10,997 - root - INFO - Processed sale: AAPL sold for $273.00, gain/loss: $273.00 (0.0%)
2025-09-09 17:46:10,997 - root - INFO - Sale processed: AAPL - Gain/Loss: $+273.00
2025-09-09 17:46:10,997 - root - INFO - Target return updated: 25.0%
2025-09-09 17:46:55,661 - root - INFO - Processed sale: MSFT sold for $500.00, gain/loss: $500.00 (0.0%)
2025-09-09 17:46:55,661 - root - INFO - Optimizer initialized with 3 stocks
2025-09-09 17:46:55,821 - root - INFO - Processed sale: MSFT sold for $500.00, gain/loss: $500.00 (0.0%)
2025-09-09 17:46:55,822 - root - INFO - Sale processed: MSFT - Gain/Loss: $+500.00
2025-09-09 17:46:55,822 - root - INFO - Target return updated: 25.0%
2025-09-09 17:47:04,881 - root - INFO - Processed sale: MSFT sold for $500.00, gain/loss: $500.00 (0.0%)
2025-09-09 17:47:04,881 - root - INFO - Optimizer initialized with 3 stocks
2025-09-09 17:47:04,881 - root - INFO - Processed sale: MSFT sold for $500.00, gain/loss: $500.00 (0.0%)
2025-09-09 17:47:04,881 - root - INFO - Sale processed: MSFT - Gain/Loss: $+500.00
2025-09-09 17:47:04,881 - root - INFO - Target return updated: 25.0%
2025-09-11 00:56:22,279 - root - INFO - Processed sale: MSFT sold for $500.00, gain/loss: $500.00 (0.0%)
2025-09-11 00:56:22,279 - root - INFO - Optimizer initialized with 3 stocks
2025-09-11 00:56:22,279 - root - ERROR - Short trading error: ShortTradingManager.__init__() missing 1 required positional argument: 'max_loss_pct'
2025-09-11 00:57:34,182 - root - INFO - Processed sale: MSFT sold for $500.00, gain/loss: $500.00 (0.0%)
2025-09-11 00:57:34,182 - root - INFO - Optimizer initialized with 3 stocks
2025-09-11 00:58:54,302 - root - INFO - Processed sale: MSFT sold for $500.00, gain/loss: $500.00 (0.0%)
2025-09-11 00:58:54,302 - root - INFO - Optimizer initialized with 3 stocks
2025-09-11 00:59:49,516 - root - INFO - Processed sale: MSFT sold for $500.00, gain/loss: $500.00 (0.0%)
2025-09-11 00:59:49,516 - root - INFO - Optimizer initialized with 3 stocks
2025-09-11 01:05:38,929 - root - INFO - Processed sale: MSFT sold for $500.00, gain/loss: $500.00 (0.0%)
2025-09-11 01:05:38,930 - root - INFO - Optimizer initialized with 3 stocks
2025-09-11 01:12:18,540 - root - INFO - Processed sale: MSFT sold for $500.00, gain/loss: $500.00 (0.0%)
2025-09-11 01:12:18,540 - root - INFO - Optimizer initialized with 3 stocks
2025-09-11 01:12:18,712 - root - INFO - Processed sale: MSFT sold for $500.00, gain/loss: $500.00 (0.0%)
2025-09-11 01:12:18,712 - root - INFO - Sale processed: MSFT - Gain/Loss: $+500.00
2025-09-11 01:12:18,712 - root - INFO - Target return updated: 25.0%
2025-09-11 01:12:27,309 - root - INFO - Processed sale: MSFT sold for $500.00, gain/loss: $500.00 (0.0%)
2025-09-11 01:12:27,309 - root - INFO - Optimizer initialized with 3 stocks
2025-09-11 01:12:27,469 - root - INFO - Processed sale: MSFT sold for $500.00, gain/loss: $500.00 (0.0%)
2025-09-11 01:12:27,469 - root - INFO - Sale processed: MSFT - Gain/Loss: $+500.00
2025-09-11 01:12:27,469 - root - INFO - Target return updated: 25.0%
2025-09-11 01:12:48,533 - root - INFO - Processed sale: MSFT sold for $500.00, gain/loss: $500.00 (0.0%)
2025-09-11 01:12:48,534 - root - INFO - Optimizer initialized with 3 stocks
2025-09-11 01:12:48,691 - root - INFO - Processed sale: MSFT sold for $500.00, gain/loss: $500.00 (0.0%)
2025-09-11 01:12:48,691 - root - INFO - Sale processed: MSFT - Gain/Loss: $+500.00
2025-09-11 01:12:48,691 - root - INFO - Target return updated: 25.0%
2025-09-11 01:13:15,053 - root - INFO - Processed sale: MSFT sold for $500.00, gain/loss: $500.00 (0.0%)
2025-09-11 01:13:15,053 - root - INFO - Optimizer initialized with 3 stocks
2025-09-11 01:13:40,029 - root - INFO - Processed sale: MSFT sold for $500.00, gain/loss: $500.00 (0.0%)
2025-09-11 01:13:40,030 - root - INFO - Optimizer initialized with 3 stocks
2025-09-11 01:16:25,469 - root - INFO - Processed sale: MSFT sold for $500.00, gain/loss: $500.00 (0.0%)
2025-09-11 01:16:25,469 - root - INFO - Optimizer initialized with 3 stocks
2025-09-11 01:20:15,132 - root - INFO - Processed sale: MSFT sold for $500.00, gain/loss: $500.00 (0.0%)
2025-09-11 01:20:15,133 - root - INFO - Optimizer initialized with 3 stocks
2025-09-11 01:21:14,578 - root - INFO - Processed sale: MSFT sold for $500.00, gain/loss: $500.00 (0.0%)
2025-09-11 01:21:14,578 - root - INFO - Optimizer initialized with 3 stocks
2025-09-11 01:21:14,740 - root - INFO - Processed sale: MSFT sold for $500.00, gain/loss: $500.00 (0.0%)
2025-09-11 01:21:14,740 - root - INFO - Sale processed: MSFT - Gain/Loss: $+500.00
2025-09-11 01:21:14,740 - root - INFO - Target return updated: 25.0%
2025-09-11 01:21:27,712 - root - INFO - Processed sale: MSFT sold for $500.00, gain/loss: $500.00 (0.0%)
2025-09-11 01:21:27,713 - root - INFO - Optimizer initialized with 3 stocks
2025-09-11 01:21:35,002 - root - INFO - Short trading monitoring stopped by user
2025-09-11 01:25:24,505 - root - INFO - Processed sale: MSFT sold for $500.00, gain/loss: $500.00 (0.0%)
2025-09-11 01:25:24,505 - root - INFO - Optimizer initialized with 3 stocks
2025-09-11 01:25:24,664 - root - INFO - Processed sale: MSFT sold for $500.00, gain/loss: $500.00 (0.0%)
2025-09-11 01:25:24,664 - root - INFO - Sale processed: MSFT - Gain/Loss: $+500.00
2025-09-11 01:25:24,664 - root - INFO - Target return updated: 25.0%
2025-09-11 01:25:32,437 - root - INFO - Processed sale: MSFT sold for $500.00, gain/loss: $500.00 (0.0%)
2025-09-11 01:25:32,437 - root - INFO - Optimizer initialized with 3 stocks
2025-09-11 01:25:32,596 - root - INFO - Processed sale: MSFT sold for $500.00, gain/loss: $500.00 (0.0%)
2025-09-11 01:25:32,596 - root - INFO - Sale processed: MSFT - Gain/Loss: $+500.00
2025-09-11 01:25:32,596 - root - INFO - Target return updated: 25.0%
2025-09-11 01:25:58,433 - root - INFO - Processed sale: MSFT sold for $500.00, gain/loss: $500.00 (0.0%)
2025-09-11 01:25:58,433 - root - INFO - Optimizer initialized with 3 stocks
2025-09-11 01:25:58,593 - root - INFO - Processed sale: MSFT sold for $500.00, gain/loss: $500.00 (0.0%)
2025-09-11 01:25:58,593 - root - INFO - Sale processed: MSFT - Gain/Loss: $+500.00
2025-09-11 01:25:58,593 - root - INFO - Target return updated: 25.0%
2025-09-11 01:25:59,149 - root - ERROR - Error in optimization process: [Errno 32] Broken pipe
2025-09-11 01:25:59,149 - root - ERROR - Application error: [Errno 32] Broken pipe
2025-09-11 01:26:09,255 - root - INFO - Processed sale: MSFT sold for $500.00, gain/loss: $500.00 (0.0%)
2025-09-11 01:26:09,255 - root - INFO - Optimizer initialized with 3 stocks
2025-09-11 01:26:09,415 - root - INFO - Processed sale: MSFT sold for $500.00, gain/loss: $500.00 (0.0%)
2025-09-11 01:26:09,415 - root - INFO - Sale processed: MSFT - Gain/Loss: $+500.00
2025-09-11 01:26:09,415 - root - INFO - Target return updated: 25.0%
2025-09-11 01:26:17,025 - root - INFO - Processed sale: MSFT sold for $500.00, gain/loss: $500.00 (0.0%)
2025-09-11 01:26:17,025 - root - INFO - Sale processed: MSFT - Gain/Loss: $+500.00
2025-09-11 01:26:17,025 - root - INFO - Target return updated: 25.0%
2025-09-11 01:35:50,307 - root - INFO - Processed sale: MSFT sold for $500.00, gain/loss: $500.00 (0.0%)
2025-09-11 01:35:50,307 - root - INFO - Optimizer initialized with 3 stocks
2025-09-11 01:35:50,467 - root - INFO - Processed sale: MSFT sold for $500.00, gain/loss: $500.00 (0.0%)
2025-09-11 01:35:50,467 - root - INFO - Sale processed: MSFT - Gain/Loss: $+500.00
2025-09-11 01:35:50,467 - root - INFO - Target return updated: 25.0%
2025-09-11 01:36:10,729 - root - INFO - Processed sale: MSFT sold for $500.00, gain/loss: $500.00 (0.0%)
2025-09-11 01:36:10,729 - root - INFO - Optimizer initialized with 3 stocks
2025-09-11 01:36:46,939 - root - INFO - Processed sale: MSFT sold for $500.00, gain/loss: $500.00 (0.0%)
2025-09-11 01:36:46,939 - root - INFO - Optimizer initialized with 3 stocks
2025-09-11 03:29:24,051 - root - INFO - Processed sale: MSFT sold for $500.00, gain/loss: $500.00 (0.0%)
2025-09-11 03:29:24,051 - root - INFO - Optimizer initialized with 3 stocks
2025-09-11 03:29:52,231 - root - INFO - Processed sale: MSFT sold for $500.00, gain/loss: $500.00 (0.0%)
2025-09-11 03:29:52,231 - root - INFO - Optimizer initialized with 3 stocks
2025-09-11 03:31:52,827 - root - INFO - Processed sale: MSFT sold for $500.00, gain/loss: $500.00 (0.0%)
2025-09-11 03:31:52,827 - root - INFO - Optimizer initialized with 3 stocks
2025-09-11 03:32:17,224 - root - INFO - Processed sale: MSFT sold for $500.00, gain/loss: $500.00 (0.0%)
2025-09-11 03:32:17,224 - root - INFO - Optimizer initialized with 3 stocks
2025-09-11 03:32:17,384 - root - INFO - Processed sale: MSFT sold for $500.00, gain/loss: $500.00 (0.0%)
2025-09-11 03:32:17,384 - root - INFO - Sale processed: MSFT - Gain/Loss: $+500.00
2025-09-11 03:32:17,384 - root - INFO - Target return updated: 25.0%
2025-09-11 16:10:40,422 - root - INFO - Processed sale: MSFT sold for $500.00, gain/loss: $500.00 (0.0%)
2025-09-11 16:10:40,422 - root - INFO - Optimizer initialized with 3 stocks
2025-09-11 16:19:33,857 - root - INFO - Processed sale: MSFT sold for $500.00, gain/loss: $500.00 (0.0%)
2025-09-11 16:19:33,857 - root - INFO - Optimizer initialized with 3 stocks
